# JRE version: OpenJDK Runtime Environment Temurin-17.0.7+7 (17.0.7+7) (build 17.0.7+7)
# Java VM: OpenJDK 64-Bit Server VM Temurin-17.0.7+7 (17.0.7+7, mixed mode, tiered, compressed oops, compressed class ptrs, parallel gc, windows-amd64)
GC Precious Log:
 CPUs: 8 total, 8 available
 Memory: 14284M
 Large Page Support: Disabled
 NUMA Support: Disabled
 Compressed Oops: Enabled (32-bit)
 Alignments: Space 512K, Generation 512K, Heap 2M
 Heap Min Capacity: 100M
 Heap Initial Capacity: 100M
 Heap Max Capacity: 1G
 Pre-touch: Disabled
 Parallel Workers: 8
Heap:
 PSYoungGen      total 2048K, used 1024K [0x00000000eab00000, 0x00000000eb000000, 0x0000000100000000)
  eden space 1024K, 0% used [0x00000000eab00000,0x00000000eab00000,0x00000000eac00000)
  from space 1024K, 100% used [0x00000000eac00000,0x00000000ead00000,0x00000000ead00000)
  to   space 2048K, 0% used [0x00000000eae00000,0x00000000eae00000,0x00000000eb000000)
 ParOldGen       total 124416K, used 124393K [0x00000000c0000000, 0x00000000c7980000, 0x00000000eab00000)
  object space 124416K, 99% used [0x00000000c0000000,0x00000000c797a678,0x00000000c7980000)
 Metaspace       used 92207K, committed 93312K, reserved 1179648K
  class space    used 9076K, committed 9600K, reserved 1048576K
GC Heap History (20 events):
Event: 24413.623 GC heap after
{Heap after GC invocations=18948 (full 448):
 PSYoungGen      total 1536K, used 496K [0x00000000eab00000, 0x00000000eae00000, 0x0000000100000000)
  eden space 1024K, 0% used [0x00000000eab00000,0x00000000eab00000,0x00000000eac00000)
  from space 512K, 96% used [0x00000000ead00000,0x00000000ead7c010,0x00000000ead80000)
  to   space 1024K, 0% used [0x00000000eac00000,0x00000000eac00000,0x00000000ead00000)
 ParOldGen       total 124416K, used 121384K [0x00000000c0000000, 0x00000000c7980000, 0x00000000eab00000)
  object space 124416K, 97% used [0x00000000c0000000,0x00000000c768a118,0x00000000c7980000)
 Metaspace       used 92206K, committed 93312K, reserved 1179648K
  class space    used 9076K, committed 9600K, reserved 1048576K
}
Event: 24413.626 GC heap before
{Heap before GC invocations=18949 (full 448):
 PSYoungGen      total 1536K, used 1520K [0x00000000eab00000, 0x00000000eae00000, 0x0000000100000000)
  eden space 1024K, 100% used [0x00000000eab00000,0x00000000eac00000,0x00000000eac00000)
  from space 512K, 96% used [0x00000000ead00000,0x00000000ead7c010,0x00000000ead80000)
  to   space 1024K, 0% used [0x00000000eac00000,0x00000000eac00000,0x00000000ead00000)
 ParOldGen       total 124416K, used 121384K [0x00000000c0000000, 0x00000000c7980000, 0x00000000eab00000)
  object space 124416K, 97% used [0x00000000c0000000,0x00000000c768a118,0x00000000c7980000)
 Metaspace       used 92206K, committed 93312K, reserved 1179648K
  class space    used 9076K, committed 9600K, reserved 1048576K
}
Event: 24413.627 GC heap after
{Heap after GC invocations=18949 (full 448):
 PSYoungGen      total 2048K, used 480K [0x00000000eab00000, 0x00000000ead80000, 0x0000000100000000)
  eden space 1024K, 0% used [0x00000000eab00000,0x00000000eab00000,0x00000000eac00000)
  from space 1024K, 46% used [0x00000000eac00000,0x00000000eac78000,0x00000000ead00000)
  to   space 512K, 0% used [0x00000000ead00000,0x00000000ead00000,0x00000000ead80000)
 ParOldGen       total 124416K, used 121771K [0x00000000c0000000, 0x00000000c7980000, 0x00000000eab00000)
  object space 124416K, 97% used [0x00000000c0000000,0x00000000c76ead08,0x00000000c7980000)
 Metaspace       used 92206K, committed 93312K, reserved 1179648K
  class space    used 9076K, committed 9600K, reserved 1048576K
}
Event: 24413.630 GC heap before
{Heap before GC invocations=18950 (full 448):
 PSYoungGen      total 2048K, used 1504K [0x00000000eab00000, 0x00000000ead80000, 0x0000000100000000)
  eden space 1024K, 100% used [0x00000000eab00000,0x00000000eac00000,0x00000000eac00000)
  from space 1024K, 46% used [0x00000000eac00000,0x00000000eac78000,0x00000000ead00000)
  to   space 512K, 0% used [0x00000000ead00000,0x00000000ead00000,0x00000000ead80000)
 ParOldGen       total 124416K, used 121771K [0x00000000c0000000, 0x00000000c7980000, 0x00000000eab00000)
  object space 124416K, 97% used [0x00000000c0000000,0x00000000c76ead08,0x00000000c7980000)
 Metaspace       used 92206K, committed 93312K, reserved 1179648K
  class space    used 9076K, committed 9600K, reserved 1048576K
}
Event: 24413.631 GC heap after
{Heap after GC invocations=18950 (full 448):
 PSYoungGen      total 1536K, used 496K [0x00000000eab00000, 0x00000000ead80000, 0x0000000100000000)
  eden space 1024K, 0% used [0x00000000eab00000,0x00000000eab00000,0x00000000eac00000)
  from space 512K, 96% used [0x00000000ead00000,0x00000000ead7c010,0x00000000ead80000)
  to   space 512K, 0% used [0x00000000eac80000,0x00000000eac80000,0x00000000ead00000)
 ParOldGen       total 124416K, used 122168K [0x00000000c0000000, 0x00000000c7980000, 0x00000000eab00000)
  object space 124416K, 98% used [0x00000000c0000000,0x00000000c774e1a8,0x00000000c7980000)
 Metaspace       used 92206K, committed 93312K, reserved 1179648K
  class space    used 9076K, committed 9600K, reserved 1048576K
}
Event: 24413.634 GC heap before
{Heap before GC invocations=18951 (full 448):
 PSYoungGen      total 1536K, used 1516K [0x00000000eab00000, 0x00000000ead80000, 0x0000000100000000)
  eden space 1024K, 99% used [0x00000000eab00000,0x00000000eabff078,0x00000000eac00000)
  from space 512K, 96% used [0x00000000ead00000,0x00000000ead7c010,0x00000000ead80000)
  to   space 512K, 0% used [0x00000000eac80000,0x00000000eac80000,0x00000000ead00000)
 ParOldGen       total 124416K, used 122168K [0x00000000c0000000, 0x00000000c7980000, 0x00000000eab00000)
  object space 124416K, 98% used [0x00000000c0000000,0x00000000c774e1a8,0x00000000c7980000)
 Metaspace       used 92206K, committed 93312K, reserved 1179648K
  class space    used 9076K, committed 9600K, reserved 1048576K
}
Event: 24413.635 GC heap after
{Heap after GC invocations=18951 (full 448):
 PSYoungGen      total 1536K, used 256K [0x00000000eab00000, 0x00000000ead80000, 0x0000000100000000)
  eden space 1024K, 0% used [0x00000000eab00000,0x00000000eab00000,0x00000000eac00000)
  from space 512K, 50% used [0x00000000eac80000,0x00000000eacc0000,0x00000000ead00000)
  to   space 512K, 0% used [0x00000000ead00000,0x00000000ead00000,0x00000000ead80000)
 ParOldGen       total 124416K, used 122541K [0x00000000c0000000, 0x00000000c7980000, 0x00000000eab00000)
  object space 124416K, 98% used [0x00000000c0000000,0x00000000c77ab648,0x00000000c7980000)
 Metaspace       used 92206K, committed 93312K, reserved 1179648K
  class space    used 9076K, committed 9600K, reserved 1048576K
}
Event: 24413.847 GC heap before
{Heap before GC invocations=18952 (full 448):
 PSYoungGen      total 1536K, used 1280K [0x00000000eab00000, 0x00000000ead80000, 0x0000000100000000)
  eden space 1024K, 100% used [0x00000000eab00000,0x00000000eac00000,0x00000000eac00000)
  from space 512K, 50% used [0x00000000eac80000,0x00000000eacc0000,0x00000000ead00000)
  to   space 512K, 0% used [0x00000000ead00000,0x00000000ead00000,0x00000000ead80000)
 ParOldGen       total 124416K, used 122541K [0x00000000c0000000, 0x00000000c7980000, 0x00000000eab00000)
  object space 124416K, 98% used [0x00000000c0000000,0x00000000c77ab648,0x00000000c7980000)
 Metaspace       used 92206K, committed 93312K, reserved 1179648K
  class space    used 9076K, committed 9600K, reserved 1048576K
}
Event: 24413.848 GC heap after
{Heap after GC invocations=18952 (full 448):
 PSYoungGen      total 1536K, used 448K [0x00000000eab00000, 0x00000000ead80000, 0x0000000100000000)
  eden space 1024K, 0% used [0x00000000eab00000,0x00000000eab00000,0x00000000eac00000)
  from space 512K, 87% used [0x00000000ead00000,0x00000000ead70000,0x00000000ead80000)
  to   space 512K, 0% used [0x00000000eac80000,0x00000000eac80000,0x00000000ead00000)
 ParOldGen       total 124416K, used 122661K [0x00000000c0000000, 0x00000000c7980000, 0x00000000eab00000)
  object space 124416K, 98% used [0x00000000c0000000,0x00000000c77c9648,0x00000000c7980000)
 Metaspace       used 92206K, committed 93312K, reserved 1179648K
  class space    used 9076K, committed 9600K, reserved 1048576K
}
Event: 24413.854 GC heap before
{Heap before GC invocations=18953 (full 448):
 PSYoungGen      total 1536K, used 1472K [0x00000000eab00000, 0x00000000ead80000, 0x0000000100000000)
  eden space 1024K, 100% used [0x00000000eab00000,0x00000000eac00000,0x00000000eac00000)
  from space 512K, 87% used [0x00000000ead00000,0x00000000ead70000,0x00000000ead80000)
  to   space 512K, 0% used [0x00000000eac80000,0x00000000eac80000,0x00000000ead00000)
 ParOldGen       total 124416K, used 122661K [0x00000000c0000000, 0x00000000c7980000, 0x00000000eab00000)
  object space 124416K, 98% used [0x00000000c0000000,0x00000000c77c9648,0x00000000c7980000)
 Metaspace       used 92206K, committed 93312K, reserved 1179648K
  class space    used 9076K, committed 9600K, reserved 1048576K
}
Event: 24413.855 GC heap after
{Heap after GC invocations=18953 (full 448):
 PSYoungGen      total 1536K, used 512K [0x00000000eab00000, 0x00000000eae00000, 0x0000000100000000)
  eden space 1024K, 0% used [0x00000000eab00000,0x00000000eab00000,0x00000000eac00000)
  from space 512K, 100% used [0x00000000eac80000,0x00000000ead00000,0x00000000ead00000)
  to   space 1024K, 0% used [0x00000000ead00000,0x00000000ead00000,0x00000000eae00000)
 ParOldGen       total 124416K, used 122990K [0x00000000c0000000, 0x00000000c7980000, 0x00000000eab00000)
  object space 124416K, 98% used [0x00000000c0000000,0x00000000c781b948,0x00000000c7980000)
 Metaspace       used 92206K, committed 93312K, reserved 1179648K
  class space    used 9076K, committed 9600K, reserved 1048576K
}
Event: 24413.865 GC heap before
{Heap before GC invocations=18954 (full 448):
 PSYoungGen      total 1536K, used 1536K [0x00000000eab00000, 0x00000000eae00000, 0x0000000100000000)
  eden space 1024K, 100% used [0x00000000eab00000,0x00000000eac00000,0x00000000eac00000)
  from space 512K, 100% used [0x00000000eac80000,0x00000000ead00000,0x00000000ead00000)
  to   space 1024K, 0% used [0x00000000ead00000,0x00000000ead00000,0x00000000eae00000)
 ParOldGen       total 124416K, used 122990K [0x00000000c0000000, 0x00000000c7980000, 0x00000000eab00000)
  object space 124416K, 98% used [0x00000000c0000000,0x00000000c781b948,0x00000000c7980000)
 Metaspace       used 92206K, committed 93312K, reserved 1179648K
  class space    used 9076K, committed 9600K, reserved 1048576K
}
Event: 24413.866 GC heap after
{Heap after GC invocations=18954 (full 448):
 PSYoungGen      total 1536K, used 352K [0x00000000eab00000, 0x00000000ead80000, 0x0000000100000000)
  eden space 1024K, 0% used [0x00000000eab00000,0x00000000eab00000,0x00000000eac00000)
  from space 512K, 68% used [0x00000000ead00000,0x00000000ead58000,0x00000000ead80000)
  to   space 512K, 0% used [0x00000000eac80000,0x00000000eac80000,0x00000000ead00000)
 ParOldGen       total 124416K, used 123352K [0x00000000c0000000, 0x00000000c7980000, 0x00000000eab00000)
  object space 124416K, 99% used [0x00000000c0000000,0x00000000c7876040,0x00000000c7980000)
 Metaspace       used 92206K, committed 93312K, reserved 1179648K
  class space    used 9076K, committed 9600K, reserved 1048576K
}
Event: 24414.782 GC heap before
{Heap before GC invocations=18955 (full 448):
 PSYoungGen      total 1536K, used 1376K [0x00000000eab00000, 0x00000000ead80000, 0x0000000100000000)
  eden space 1024K, 100% used [0x00000000eab00000,0x00000000eac00000,0x00000000eac00000)
  from space 512K, 68% used [0x00000000ead00000,0x00000000ead58000,0x00000000ead80000)
  to   space 512K, 0% used [0x00000000eac80000,0x00000000eac80000,0x00000000ead00000)
 ParOldGen       total 124416K, used 123352K [0x00000000c0000000, 0x00000000c7980000, 0x00000000eab00000)
  object space 124416K, 99% used [0x00000000c0000000,0x00000000c7876040,0x00000000c7980000)
 Metaspace       used 92206K, committed 93312K, reserved 1179648K
  class space    used 9076K, committed 9600K, reserved 1048576K
}
Event: 24414.782 GC heap after
{Heap after GC invocations=18955 (full 448):
 PSYoungGen      total 1536K, used 256K [0x00000000eab00000, 0x00000000ead80000, 0x0000000100000000)
  eden space 1024K, 0% used [0x00000000eab00000,0x00000000eab00000,0x00000000eac00000)
  from space 512K, 50% used [0x00000000eac80000,0x00000000eacc0000,0x00000000ead00000)
  to   space 512K, 0% used [0x00000000ead00000,0x00000000ead00000,0x00000000ead80000)
 ParOldGen       total 124416K, used 123596K [0x00000000c0000000, 0x00000000c7980000, 0x00000000eab00000)
  object space 124416K, 99% used [0x00000000c0000000,0x00000000c78b3268,0x00000000c7980000)
 Metaspace       used 92206K, committed 93312K, reserved 1179648K
  class space    used 9076K, committed 9600K, reserved 1048576K
}
Event: 24414.786 GC heap before
{Heap before GC invocations=18956 (full 448):
 PSYoungGen      total 1536K, used 1280K [0x00000000eab00000, 0x00000000ead80000, 0x0000000100000000)
  eden space 1024K, 100% used [0x00000000eab00000,0x00000000eac00000,0x00000000eac00000)
  from space 512K, 50% used [0x00000000eac80000,0x00000000eacc0000,0x00000000ead00000)
  to   space 512K, 0% used [0x00000000ead00000,0x00000000ead00000,0x00000000ead80000)
 ParOldGen       total 124416K, used 123596K [0x00000000c0000000, 0x00000000c7980000, 0x00000000eab00000)
  object space 124416K, 99% used [0x00000000c0000000,0x00000000c78b3268,0x00000000c7980000)
 Metaspace       used 92207K, committed 93312K, reserved 1179648K
  class space    used 9076K, committed 9600K, reserved 1048576K
}
Event: 24414.787 GC heap after
{Heap after GC invocations=18956 (full 448):
 PSYoungGen      total 1536K, used 481K [0x00000000eab00000, 0x00000000eae00000, 0x0000000100000000)
  eden space 1024K, 0% used [0x00000000eab00000,0x00000000eab00000,0x00000000eac00000)
  from space 512K, 93% used [0x00000000ead00000,0x00000000ead78448,0x00000000ead80000)
  to   space 1024K, 0% used [0x00000000eac00000,0x00000000eac00000,0x00000000ead00000)
 ParOldGen       total 124416K, used 123934K [0x00000000c0000000, 0x00000000c7980000, 0x00000000eab00000)
  object space 124416K, 99% used [0x00000000c0000000,0x00000000c7907990,0x00000000c7980000)
 Metaspace       used 92207K, committed 93312K, reserved 1179648K
  class space    used 9076K, committed 9600K, reserved 1048576K
}
Event: 24414.790 GC heap before
{Heap before GC invocations=18957 (full 448):
 PSYoungGen      total 1536K, used 1505K [0x00000000eab00000, 0x00000000eae00000, 0x0000000100000000)
  eden space 1024K, 100% used [0x00000000eab00000,0x00000000eac00000,0x00000000eac00000)
  from space 512K, 93% used [0x00000000ead00000,0x00000000ead78448,0x00000000ead80000)
  to   space 1024K, 0% used [0x00000000eac00000,0x00000000eac00000,0x00000000ead00000)
 ParOldGen       total 124416K, used 123934K [0x00000000c0000000, 0x00000000c7980000, 0x00000000eab00000)
  object space 124416K, 99% used [0x00000000c0000000,0x00000000c7907990,0x00000000c7980000)
 Metaspace       used 92207K, committed 93312K, reserved 1179648K
  class space    used 9076K, committed 9600K, reserved 1048576K
}
Event: 24414.791 GC heap after
{Heap after GC invocations=18957 (full 448):
 PSYoungGen      total 2048K, used 1024K [0x00000000eab00000, 0x00000000eb000000, 0x0000000100000000)
  eden space 1024K, 0% used [0x00000000eab00000,0x00000000eab00000,0x00000000eac00000)
  from space 1024K, 100% used [0x00000000eac00000,0x00000000ead00000,0x00000000ead00000)
  to   space 2048K, 0% used [0x00000000eae00000,0x00000000eae00000,0x00000000eb000000)
 ParOldGen       total 124416K, used 124393K [0x00000000c0000000, 0x00000000c7980000, 0x00000000eab00000)
  object space 124416K, 99% used [0x00000000c0000000,0x00000000c797a678,0x00000000c7980000)
 Metaspace       used 92207K, committed 93312K, reserved 1179648K
  class space    used 9076K, committed 9600K, reserved 1048576K
}
Event: 24414.791 GC heap before
{Heap before GC invocations=18958 (full 449):
 PSYoungGen      total 2048K, used 1024K [0x00000000eab00000, 0x00000000eb000000, 0x0000000100000000)
  eden space 1024K, 0% used [0x00000000eab00000,0x00000000eab00000,0x00000000eac00000)
  from space 1024K, 100% used [0x00000000eac00000,0x00000000ead00000,0x00000000ead00000)
  to   space 2048K, 0% used [0x00000000eae00000,0x00000000eae00000,0x00000000eb000000)
 ParOldGen       total 124416K, used 124393K [0x00000000c0000000, 0x00000000c7980000, 0x00000000eab00000)
  object space 124416K, 99% used [0x00000000c0000000,0x00000000c797a678,0x00000000c7980000)
 Metaspace       used 92207K, committed 93312K, reserved 1179648K
  class space    used 9076K, committed 9600K, reserved 1048576K
}

